{"/Users/karinaheras/Desktop/CURSO-BACK/src/delete-odds.js": {"path":"/Users/karinaheras/Desktop/CURSO-BACK/src/delete-odds.js","statementMap":{"0":{"start":{"line":3,"column":4},"end":{"line":3,"column":29}}},"fnMap":{"0":{"name":"delete_odds","decl":{"start":{"line":1,"column":17},"end":{"line":1,"column":28}},"loc":{"start":{"line":1,"column":38},"end":{"line":6,"column":1}},"line":1}},"branchMap":{},"s":{"0":0},"f":{"0":0},"b":{},"_coverageSchema":"1a1c01bbd47fc00a2c39e90264f33305004495a9","hash":"c9339ff1ce3a04a68e64a1a81337b81d224f2774"}
,"/Users/karinaheras/Desktop/CURSO-BACK/src/hello.js": {"path":"/Users/karinaheras/Desktop/CURSO-BACK/src/hello.js","statementMap":{"0":{"start":{"line":3,"column":8},"end":{"line":3,"column":23}}},"fnMap":{"0":{"name":"(anonymous_0)","decl":{"start":{"line":2,"column":4},"end":{"line":2,"column":5}},"loc":{"start":{"line":2,"column":12},"end":{"line":4,"column":5}},"line":2}},"branchMap":{},"s":{"0":1},"f":{"0":1},"b":{},"_coverageSchema":"1a1c01bbd47fc00a2c39e90264f33305004495a9","hash":"6cb4f1edd160f0e58756b8035404a8b71194b0d8"}
}
